/home/wim/Unison/Code/compute-maestro /// gcc -### -x c -c -
/home/wim/Unison/Code/compute-maestro /// gcc -### -x c -c -
/home/wim/Unison/Code/compute-maestro /// gcc -### -x c -c -
/home/wim/Unison/Code/compute-maestro/runtime/docker /// gcc -### -x c -c -
/home/wim/Unison/Code/compute-maestro/runtime/docker /// gcc -### -x c -c -
/home/wim/Unison/Code/compute-maestro/runtime/docker /// gcc -### -x c -c -
/home/wim/Unison/Code/compute-maestro /// gcc -### -x c -c -
/home/wim/Unison/Code/compute-maestro /// gcc -### -x c -c -
/home/wim/Unison/Code/compute-maestro/runtime/docker /// gcc -### -x c -c -
/home/wim/Unison/Code/compute-maestro /// gcc -### -x c -c -
/home/wim/Unison/Code/compute-maestro /// gcc -### -x c -c -
/home/wim/Unison/Code/compute-maestro/runtime/docker /// gcc -### -x c -c -
/home/wim/Unison/Code/compute-maestro/runtime/docker /// gcc -### -x c -c -
/home/wim/Unison/Code/compute-maestro/runtime/docker /// gcc -### -x c -c -
/home/wim/Unison/Code/compute-maestro/runtime/docker /// gcc -### -x c -c -
/home/wim/Unison/Code/compute-maestro/runtime/docker /// gcc -### -x c -c -
/home/wim/Unison/Code/compute-maestro/runtime/docker /// gcc -### -x c -c -
/home/wim/Unison/Code/compute-maestro/runtime/docker /// gcc -### -x c -c -
/home/wim/Unison/Code/compute-maestro/runtime/docker /// gcc -### -x c -c -
/home/wim/Unison/Code/compute-maestro/runtime/docker /// gcc -### -x c -c -
/home/wim/Unison/Code/compute-maestro /// gcc -### -x c -c -
/home/wim/Unison/Code/compute-maestro /// gcc -### -x c -c -
/home/wim/Unison/Code/compute-maestro/runtime/docker /// gcc -### -x c -c -
/home/wim/Unison/Code/compute-maestro /// gcc -### -x c -c -
/home/wim/Unison/Code/compute-maestro /// gcc -### -x c -c -
/home/wim/Unison/Code/compute-maestro /// gcc -### -x c -c -
/home/wim/Unison/Code/compute-maestro /// gcc -### -x c -c -
/home/wim/Unison/Code/compute-maestro/runtime/docker /// gcc -### -x c -c -
/home/wim/Unison/Code/compute-maestro/runtime/docker /// gcc -### -x c -c -
/home/wim/Unison/Code/compute-maestro/runtime/docker /// gcc -### -x c -c -
/home/wim/Unison/Code/compute-maestro/runtime/docker /// gcc -### -x c -c -
/home/wim/Unison/Code/compute-maestro/runtime/docker /// gcc -### -x c -c -
/home/wim/Unison/Code/compute-maestro/runtime/docker /// gcc -### -x c -c -
/home/wim/Unison/Code/compute-maestro /// gcc -### -x c -c -
/home/wim/Unison/Code/compute-maestro /// gcc -### -x c -c -
/home/wim/Unison/Code/compute-maestro/runtime/docker /// gcc -### -x c -c -
/home/wim/Unison/Code/compute-maestro /// gcc -### -x c -c -
/home/wim/Unison/Code/compute-maestro /// gcc -### -x c -c -
/home/wim/Unison/Code/compute-maestro /// gcc -### -x c -c -
/home/wim/Unison/Code/compute-maestro /// gcc -### -x c -c -
/home/wim/Unison/Code/compute-maestro /// gcc -### -x c -c -
/home/wim/Unison/Code/compute-maestro /// gcc -### -x c -c -
/home/wim/Unison/Code/compute-maestro /// gcc -### -x c -c -
/home/wim/Unison/Code/compute-maestro /// gcc -### -x c -c -
/home/wim/Unison/Code/compute-maestro /// gcc -### -x c -c -
/home/wim/Unison/Code/compute-maestro /// gcc -### -x c -c -
/home/wim/Unison/Code/compute-maestro/runtime/docker /// gcc -### -x c -c -
/home/wim/Unison/Code/compute-maestro /// gcc -### -x c -c -
/home/wim/Unison/Code/compute-maestro /// gcc -### -x c -c -
/home/wim/Unison/Code/compute-maestro/runtime/docker /// gcc -### -x c -c -
/home/wim/Unison/Code/compute-maestro /// gcc -### -x c -c -
/home/wim/Unison/Code/compute-maestro /// gcc -### -x c -c -
/home/wim/Unison/Code/compute-maestro /// gcc -### -x c -c -
/home/wim/Unison/Code/compute-maestro /// gcc -### -x c -c -
/home/wim/Unison/Code/compute-maestro /// gcc -### -x c -c -
/home/wim/Unison/Code/compute-maestro /// gcc -### -x c -c -
/home/wim/Unison/Code/compute-maestro/runtime/docker /// gcc -### -x c -c -
/home/wim/Unison/Code/compute-maestro /// gcc -### -x c -c -
/home/wim/Unison/Code/compute-maestro /// gcc -### -x c -c -
/home/wim/Unison/Code/compute-maestro /// gcc -### -x c -c -
/home/wim/Unison/Code/compute-maestro /// gcc -### -x c -c -
/home/wim/Unison/Code/compute-maestro /// gcc -### -x c -c -
/home/wim/Unison/Code/compute-maestro/runtime/docker /// gcc -### -x c -c -
/home/wim/Unison/Code/compute-maestro/runtime/docker /// gcc -### -x c -c -
/home/wim/Unison/Code/compute-maestro/runtime/docker /// gcc -### -x c -c -
/home/wim/Unison/Code/compute-maestro/runtime/docker /// gcc -### -x c -c -
/home/wim/Unison/Code/compute-maestro/runtime/docker /// gcc -### -x c -c -
/home/wim/Unison/Code/compute-maestro/runtime/docker /// gcc -### -x c -c -
/home/wim/Unison/Code/compute-maestro/runtime/docker /// gcc -### -x c -c -
/home/wim/Unison/Code/compute-maestro/runtime/docker /// gcc -### -x c -c -
/home/wim/Unison/Code/compute-maestro/runtime/docker /// gcc -### -x c -c -
/home/wim/Unison/Code/compute-maestro/runtime/docker /// gcc -### -x c -c -
/home/wim/Unison/Code/compute-maestro/runtime/docker /// gcc -### -x c -c -
/home/wim/Unison/Code/compute-maestro/runtime/docker /// gcc -### -x c -c -
/home/wim/Unison/Code/compute-maestro/runtime/docker /// gcc -### -x c -c -
/home/wim/Unison/Code/compute-maestro/runtime/docker /// gcc -### -x c -c -
/home/wim/Unison/Code/compute-maestro/runtime/docker /// gcc -### -x c -c -
/home/wim/Unison/Code/compute-maestro /// gcc -### -x c -c -
/home/wim/Unison/Code/compute-maestro /// gcc -### -x c -c -
/home/wim/Unison/Code/compute-maestro/runtime/docker /// gcc -### -x c -c -
/home/wim/Unison/Code/compute-maestro/runtime/docker /// gcc -### -x c -c -
/home/wim/Unison/Code/compute-maestro/runtime/docker /// gcc -### -x c -c -
/home/wim/Unison/Code/compute-maestro/runtime/docker /// gcc -### -x c -c -
/home/wim/Unison/Code/compute-maestro/runtime/docker /// gcc -### -x c -c -
/home/wim/Unison/Code/compute-maestro/runtime/docker /// gcc -### -x c -c -
/home/wim/Unison/Code/compute-maestro/runtime/docker /// gcc -### -x c -c -
/home/wim/Unison/Code/compute-maestro/runtime/docker /// gcc -### -x c -c -
/home/wim/Unison/Code/compute-maestro/runtime/docker /// gcc -### -x c -c -
/home/wim/Unison/Code/compute-maestro/runtime/docker /// gcc -### -x c -c -
/home/wim/Unison/Code/compute-maestro/runtime/docker /// gcc -### -x c -c -
/home/wim/Unison/Code/compute-maestro/runtime/docker /// gcc -### -x c -c -
/home/wim/Unison/Code/compute-maestro/runtime/docker /// gcc -### -x c -c -
/home/wim/Unison/Code/compute-maestro/runtime/docker /// gcc -### -x c -c -
/home/wim/Unison/Code/compute-maestro/runtime/docker /// gcc -### -x c -c -
/home/wim/Unison/Code/compute-maestro/runtime/docker /// gcc -### -x c -c -
/home/wim/Unison/Code/compute-maestro/runtime/docker /// gcc -### -x c -c -
/home/wim/Unison/Code/compute-maestro/runtime/docker /// gcc -### -x c -c -
/home/wim/Unison/Code/compute-maestro/runtime/docker /// gcc -### -x c -c -
/home/wim/Unison/Code/compute-maestro/runtime/docker /// gcc -### -x c -c -
/home/wim/Unison/Code/compute-maestro/runtime/docker /// gcc -### -x c -c -
/home/wim/Unison/Code/compute-maestro/runtime/docker /// gcc -### -x c -c -
/home/wim/Unison/Code/compute-maestro/runtime/docker /// gcc -### -x c -c -
/home/wim/Unison/Code/compute-maestro/runtime/docker /// gcc -### -x c -c -
/home/wim/Unison/Code/compute-maestro/runtime/docker /// gcc -### -x c -c -
/home/wim/Unison/Code/compute-maestro/runtime/docker /// gcc -### -x c -c -
/home/wim/Unison/Code/compute-maestro/runtime/docker /// gcc -### -x c -c -
/home/wim/Unison/Code/compute-maestro/runtime/docker /// gcc -### -x c -c -
/home/wim/Unison/Code/compute-maestro/runtime/docker /// gcc -### -x c -c -
/home/wim/Unison/Code/compute-maestro /// gcc -### -x c -c -
/home/wim/Unison/Code/compute-maestro /// gcc -### -x c -c -
/home/wim/Unison/Code/compute-maestro /// gcc -### -x c -c -
/home/wim/Unison/Code/compute-maestro /// gcc -### -x c -c -
/home/wim/Unison/Code/compute-maestro /// gcc -### -x c -c -
/home/wim/Unison/Code/compute-maestro /// gcc -### -x c -c -
/home/wim/Unison/Code/compute-maestro /// gcc -### -x c -c -
/home/wim/Unison/Code/compute-maestro/runtime/docker /// gcc -### -x c -c -
/home/wim/Unison/Code/compute-maestro/runtime/docker /// gcc -I /home/wim/sdk/go1.24.2/src/runtime/cgo -fPIC -m64 -pthread -Wl,--no-gc-sections -fmessage-length=0 -ffile-prefix-map=/tmp/go-build1999413793/b080=/tmp/go-build -gno-record-gcc-switches -o /tmp/go-build1999413793/b080/_cgo_.o /tmp/go-build1999413793/b080/_cgo_main.o /tmp/go-build1999413793/b080/_x001.o /tmp/go-build1999413793/b080/_x002.o /tmp/go-build1999413793/b080/_x003.o /tmp/go-build1999413793/b080/_x004.o /tmp/go-build1999413793/b080/_x005.o /tmp/go-build1999413793/b080/_x006.o /tmp/go-build1999413793/b080/_x007.o /tmp/go-build1999413793/b080/_x008.o /tmp/go-build1999413793/b080/_x009.o /tmp/go-build1999413793/b080/_x010.o /tmp/go-build1999413793/b080/_x011.o /tmp/go-build1999413793/b080/_x012.o /tmp/go-build1999413793/b080/_x013.o /tmp/go-build1999413793/b080/_x014.o -O2 -g -lpthread
/home/wim/Unison/Code/compute-maestro/runtime/docker /// gcc -I /home/wim/sdk/go1.24.2/src/net -fPIC -m64 -pthread -Wl,--no-gc-sections -fmessage-length=0 -ffile-prefix-map=/tmp/go-build1999413793/b081=/tmp/go-build -gno-record-gcc-switches -o /tmp/go-build1999413793/b081/_cgo_.o /tmp/go-build1999413793/b081/_cgo_main.o /tmp/go-build1999413793/b081/_x001.o /tmp/go-build1999413793/b081/_x002.o /tmp/go-build1999413793/b081/_x003.o /tmp/go-build1999413793/b081/_x004.o /tmp/go-build1999413793/b081/_x005.o /tmp/go-build1999413793/b081/_x006.o -O2 -g -lresolv
/home/wim/Unison/Code/compute-maestro /// gcc -### -x c -c -
/home/wim/Unison/Code/compute-maestro /// gcc -### -x c -c -
/home/wim/Unison/Code/compute-maestro /// gcc -### -x c -c -
/home/wim/Unison/Code/compute-maestro /// gcc -### -x c -c -
/home/wim/Unison/Code/compute-maestro /// gcc -### -x c -c -
/home/wim/Unison/Code/compute-maestro /// gcc -### -x c -c -
/home/wim/Unison/Code/compute-maestro /// gcc -### -x c -c -
/home/wim/Unison/Code/compute-maestro/runtime/docker /// gcc -### -x c -c -
/home/wim/Unison/Code/compute-maestro /// gcc -### -x c -c -
/home/wim/Unison/Code/compute-maestro/runtime/docker /// gcc -### -x c -c -
/home/wim/Unison/Code/compute-maestro/runtime/docker /// gcc -### -x c -c -
/home/wim/Unison/Code/compute-maestro /// gcc -### -x c -c -
/home/wim/Unison/Code/compute-maestro /// gcc -### -x c -c -
/home/wim/Unison/Code/compute-maestro/runtime/docker /// gcc -### -x c -c -
/home/wim/Unison/Code/compute-maestro /// gcc -### -x c -c -
/home/wim/Unison/Code/compute-maestro/runtime/docker /// gcc -### -x c -c -
/home/wim/Unison/Code/compute-maestro /// gcc -### -x c -c -
/home/wim/Unison/Code/compute-maestro /// gcc -### -x c -c -
/home/wim/Unison/Code/compute-maestro/runtime/docker /// gcc -### -x c -c -
/home/wim/Unison/Code/compute-maestro/runtime/docker /// gcc -### -x c -c -
/home/wim/Unison/Code/compute-maestro/runtime/docker /// gcc -### -x c -c -
/home/wim/Unison/Code/compute-maestro/runtime/docker /// gcc -### -x c -c -
/home/wim/Unison/Code/compute-maestro/runtime/docker /// gcc -### -x c -c -
/home/wim/Unison/Code/compute-maestro/cmd/maestrod /// gcc -### -x c -c -
/home/wim/Unison/Code/compute-maestro /// gcc -### -x c -c -
/home/wim/Unison/Code/compute-maestro/cmd/maestrod /// gcc -### -x c -c -
/home/wim/Unison/Code/compute-maestro/cmd/maestrod /// gcc -### -x c -c -
/home/wim/Unison/Code/compute-maestro/cmd/maestrod /// gcc -### -x c -c -
/home/wim/Unison/Code/compute-maestro/cmd/maestrod /// gcc -### -x c -c -
/home/wim/Unison/Code/compute-maestro/cmd/maestrod /// gcc -I /home/wim/sdk/go1.24.2/src/runtime/cgo -fPIC -m64 -pthread -Wl,--no-gc-sections -fmessage-length=0 -ffile-prefix-map=/tmp/go-build942845240/b088=/tmp/go-build -gno-record-gcc-switches -o /tmp/go-build942845240/b088/_cgo_.o /tmp/go-build942845240/b088/_cgo_main.o /tmp/go-build942845240/b088/_x001.o /tmp/go-build942845240/b088/_x002.o /tmp/go-build942845240/b088/_x003.o /tmp/go-build942845240/b088/_x004.o /tmp/go-build942845240/b088/_x005.o /tmp/go-build942845240/b088/_x006.o /tmp/go-build942845240/b088/_x007.o /tmp/go-build942845240/b088/_x008.o /tmp/go-build942845240/b088/_x009.o /tmp/go-build942845240/b088/_x010.o /tmp/go-build942845240/b088/_x011.o /tmp/go-build942845240/b088/_x012.o /tmp/go-build942845240/b088/_x013.o /tmp/go-build942845240/b088/_x014.o -O2 -g -lpthread
/home/wim/Unison/Code/compute-maestro/cmd/maestrod /// gcc -I /home/wim/sdk/go1.24.2/src/net -fPIC -m64 -pthread -Wl,--no-gc-sections -fmessage-length=0 -ffile-prefix-map=/tmp/go-build942845240/b081=/tmp/go-build -gno-record-gcc-switches -o /tmp/go-build942845240/b081/_cgo_.o /tmp/go-build942845240/b081/_cgo_main.o /tmp/go-build942845240/b081/_x001.o /tmp/go-build942845240/b081/_x002.o /tmp/go-build942845240/b081/_x003.o /tmp/go-build942845240/b081/_x004.o /tmp/go-build942845240/b081/_x005.o /tmp/go-build942845240/b081/_x006.o -O2 -g -lresolv
/home/wim/Unison/Code/compute-maestro/cmd/maestrod /// gcc -### -x c -c -
/home/wim/Unison/Code/compute-maestro /// gcc -### -x c -c -
/home/wim/Unison/Code/compute-maestro /// gcc -### -x c -c -
/home/wim/Unison/Code/compute-maestro/cmd/maestrod /// gcc -### -x c -c -
/home/wim/Unison/Code/compute-maestro /// gcc -### -x c -c -
/home/wim/Unison/Code/compute-maestro /// gcc -### -x c -c -
/home/wim/Unison/Code/compute-maestro /// gcc -### -x c -c -
/home/wim/Unison/Code/compute-maestro /// gcc -### -x c -c -
/home/wim/Unison/Code/compute-maestro /// gcc -### -x c -c -
/home/wim/Unison/Code/compute-maestro /// gcc -### -x c -c -
/home/wim/Unison/Code/compute-maestro /// gcc -### -x c -c -
/home/wim/Unison/Code/compute-maestro /// gcc -### -x c -c -
/home/wim/Unison/Code/compute-maestro/cmd/maestrod /// gcc -### -x c -c -
/home/wim/Unison/Code/compute-maestro /// gcc -### -x c -c -
/home/wim/Unison/Code/compute-maestro /// gcc -### -x c -c -
/home/wim/Unison/Code/compute-maestro/cmd/maestrod /// gcc -### -x c -c -
/home/wim/Unison/Code/compute-maestro/cmd/maestrod /// gcc -### -x c -c -
/home/wim/Unison/Code/compute-maestro /// gcc -### -x c -c -
/home/wim/Unison/Code/compute-maestro /// gcc -### -x c -c -
/home/wim/Unison/Code/compute-maestro/cmd/maestrod /// gcc -### -x c -c -
/home/wim/Unison/Code/compute-maestro /// gcc -### -x c -c -
/home/wim/Unison/Code/compute-maestro /// gcc -### -x c -c -
/home/wim/Unison/Code/compute-maestro/cmd/maestrod /// gcc -### -x c -c -
/home/wim/Unison/Code/compute-maestro/cmd/maestrod /// gcc -### -x c -c -
/home/wim/Unison/Code/compute-maestro /// gcc -### -x c -c -
/home/wim/Unison/Code/compute-maestro /// gcc -### -x c -c -
/home/wim/Unison/Code/compute-maestro/cmd/maestrod /// gcc -### -x c -c -
/home/wim/Unison/Code/compute-maestro /// gcc -### -x c -c -
/home/wim/Unison/Code/compute-maestro /// gcc -### -x c -c -
/home/wim/Unison/Code/compute-maestro/cmd/maestrod /// gcc -### -x c -c -
/home/wim/Unison/Code/compute-maestro/runtime/docker /// gcc -### -x c -c -
/home/wim/Unison/Code/compute-maestro/cmd/maestrod /// gcc -### -x c -c -
/home/wim/Unison/Code/compute-maestro/runtime/docker /// gcc -### -x c -c -
/home/wim/Unison/Code/compute-maestro /// gcc -### -x c -c -
/home/wim/Unison/Code/compute-maestro /// gcc -### -x c -c -
/home/wim/Unison/Code/compute-maestro /// gcc -### -x c -c -
/home/wim/Unison/Code/compute-maestro /// gcc -### -x c -c -
/home/wim/Unison/Code/compute-maestro /// gcc -### -x c -c -
/home/wim/Unison/Code/compute-maestro/runtime/docker /// gcc -### -x c -c -
/home/wim/Unison/Code/compute-maestro/runtime/docker /// gcc -### -x c -c -
/home/wim/Unison/Code/compute-maestro /// gcc -### -x c -c -
/home/wim/Unison/Code/compute-maestro /// gcc -### -x c -c -
/home/wim/Unison/Code/compute-maestro /// gcc -### -x c -c -
/home/wim/Unison/Code/compute-maestro /// gcc -### -x c -c -
/home/wim/Unison/Code/compute-maestro /// gcc -### -x c -c -
/home/wim/Unison/Code/compute-maestro /// gcc -### -x c -c -
/home/wim/Unison/Code/compute-maestro /// gcc -### -x c -c -
/home/wim/Unison/Code/compute-maestro /// gcc -### -x c -c -
/home/wim/Unison/Code/compute-maestro /// gcc -### -x c -c -
/home/wim/Unison/Code/compute-maestro /// gcc -### -x c -c -
/home/wim/Unison/Code/compute-maestro /// gcc -### -x c -c -
/home/wim/Unison/Code/compute-maestro /// gcc -### -x c -c -
/home/wim/Unison/Code/compute-maestro /// gcc -### -x c -c -
/home/wim/Unison/Code/compute-maestro /// gcc -### -x c -c -
/home/wim/Unison/Code/compute-maestro/runtime/docker /// gcc -### -x c -c -
/home/wim/Unison/Code/compute-maestro /// gcc -### -x c -c -
/home/wim/Unison/Code/compute-maestro/runtime/docker /// gcc -### -x c -c -
/home/wim/Unison/Code/compute-maestro/runtime/docker /// gcc -### -x c -c -
/home/wim/Unison/Code/compute-maestro/runtime/docker /// gcc -### -x c -c -
/home/wim/Unison/Code/compute-maestro/cmd/maestrod /// gcc -### -x c -c -
/home/wim/Unison/Code/compute-maestro /// gcc -### -x c -c -
/home/wim/Unison/Code/compute-maestro/cmd/maestrod /// gcc -### -x c -c -
/home/wim/Unison/Code/compute-maestro/runtime/docker /// gcc -### -x c -c -
/home/wim/Unison/Code/compute-maestro/runtime/docker /// gcc -### -x c -c -
/home/wim/Unison/Code/compute-maestro/runtime/docker /// gcc -### -x c -c -
/home/wim/Unison/Code/compute-maestro/runtime/docker /// gcc -### -x c -c -
/home/wim/Unison/Code/compute-maestro/runtime/docker /// gcc -### -x c -c -
/home/wim/Unison/Code/compute-maestro/cmd/maestrod /// gcc -### -x c -c -
/home/wim/Unison/Code/compute-maestro/runtime/docker /// gcc -### -x c -c -
/home/wim/Unison/Code/compute-maestro/cmd/maestrod /// gcc -### -x c -c -
/home/wim/Unison/Code/compute-maestro/cmd/maestrod /// gcc -### -x c -c -
/home/wim/Unison/Code/compute-maestro/cmd/maestrod /// gcc -### -x c -c -
/home/wim/Unison/Code/compute-maestro /// gcc -### -x c -c -
/home/wim/Unison/Code/compute-maestro/cmd/maestrod /// gcc -### -x c -c -
/home/wim/Unison/Code/compute-maestro/runtime/docker /// gcc -### -x c -c -
/home/wim/Unison/Code/compute-maestro/runtime/docker /// gcc -### -x c -c -
/home/wim/Unison/Code/compute-maestro/runtime/docker /// gcc -### -x c -c -
/home/wim/Unison/Code/compute-maestro/runtime/docker /// gcc -### -x c -c -
/home/wim/Unison/Code/compute-maestro/runtime/docker /// gcc -### -x c -c -
/home/wim/Unison/Code/compute-maestro /// gcc -### -x c -c -
/home/wim/Unison/Code/compute-maestro /// gcc -### -x c -c -
/home/wim/Unison/Code/compute-maestro /// gcc -### -x c -c -
/home/wim/Unison/Code/compute-maestro/runtime/docker /// gcc -### -x c -c -
/home/wim/Unison/Code/compute-maestro/runtime/docker /// gcc -### -x c -c -
/home/wim/Unison/Code/compute-maestro/cmd/maestrod /// gcc -### -x c -c -
/home/wim/Unison/Code/compute-maestro/cmd/maestrod /// gcc -### -x c -c -
/home/wim/Unison/Code/compute-maestro/cmd/maestrod /// gcc -### -x c -c -
/home/wim/Unison/Code/compute-maestro /// gcc -### -x c -c -
/home/wim/Unison/Code/compute-maestro /// gcc -### -x c -c -
/home/wim/Unison/Code/compute-maestro/cmd/maestrod /// gcc -### -x c -c -
/home/wim/Unison/Code/compute-maestro/cmd/maestrod /// gcc -### -x c -c -
/home/wim/Unison/Code/compute-maestro/cmd/maestrod /// gcc -### -x c -c -
/home/wim/Unison/Code/compute-maestro /// gcc -### -x c -c -
/home/wim/Unison/Code/compute-maestro /// gcc -### -x c -c -
/home/wim/Unison/Code/compute-maestro/cmd/maestrod /// gcc -### -x c -c -
/home/wim/Unison/Code/compute-maestro/cmd/maestrod /// gcc -### -x c -c -
/home/wim/Unison/Code/compute-maestro/cmd/maestrod /// gcc -### -x c -c -
/home/wim/Unison/Code/compute-maestro /// gcc -### -x c -c -
/home/wim/Unison/Code/compute-maestro /// gcc -### -x c -c -
/home/wim/Unison/Code/compute-maestro/cmd/maestrod /// gcc -### -x c -c -
/home/wim/Unison/Code/compute-maestro /// gcc -### -x c -c -
/home/wim/Unison/Code/compute-maestro /// gcc -### -x c -c -
/home/wim/Unison/Code/compute-maestro/cmd/maestrod /// gcc -### -x c -c -
/home/wim/Unison/Code/compute-maestro/cmd/maestrod /// gcc -### -x c -c -
/home/wim/Unison/Code/compute-maestro/cmd/maestrod /// gcc -### -x c -c -
/home/wim/Unison/Code/compute-maestro /// gcc -### -x c -c -
/home/wim/Unison/Code/compute-maestro/cmd/maestrod /// gcc -### -x c -c -
/home/wim/Unison/Code/compute-maestro /// gcc -### -x c -c -
/home/wim/Unison/Code/compute-maestro/runtime/docker /// gcc -### -x c -c -
/home/wim/Unison/Code/compute-maestro /// gcc -### -x c -c -
/home/wim/Unison/Code/compute-maestro /// gcc -### -x c -c -
/home/wim/Unison/Code/compute-maestro/runtime/docker /// gcc -### -x c -c -
/home/wim/Unison/Code/compute-maestro /// gcc -### -x c -c -
/home/wim/Unison/Code/compute-maestro/cmd/maestrod /// gcc -### -x c -c -
/home/wim/Unison/Code/compute-maestro /// gcc -### -x c -c -
/home/wim/Unison/Code/compute-maestro/cmd/maestrod /// gcc -### -x c -c -
/home/wim/Unison/Code/compute-maestro/cmd/maestrod /// gcc -### -x c -c -
/home/wim/Unison/Code/compute-maestro /// gcc -### -x c -c -
/home/wim/Unison/Code/compute-maestro /// gcc -### -x c -c -
/home/wim/Unison/Code/compute-maestro/runtime/docker /// gcc -### -x c -c -
/home/wim/Unison/Code/compute-maestro /// gcc -### -x c -c -
/home/wim/Unison/Code/compute-maestro/runtime/docker /// gcc -### -x c -c -
/home/wim/Unison/Code/compute-maestro/runtime/docker /// gcc -### -x c -c -
/home/wim/Unison/Code/compute-maestro/runtime/docker /// gcc -### -x c -c -
/home/wim/Unison/Code/compute-maestro/runtime/docker /// gcc -### -x c -c -
/home/wim/Unison/Code/compute-maestro/runtime/docker /// gcc -### -x c -c -
/home/wim/Unison/Code/compute-maestro/runtime/docker /// gcc -### -x c -c -
/home/wim/Unison/Code/compute-maestro/cmd/maestrod /// gcc -### -x c -c -
/home/wim/Unison/Code/compute-maestro/runtime/docker /// gcc -### -x c -c -
/home/wim/Unison/Code/compute-maestro/cmd/maestrod /// gcc -### -x c -c -
/home/wim/Unison/Code/compute-maestro/cmd/maestrod /// gcc -### -x c -c -
/home/wim/Unison/Code/compute-maestro/runtime/docker /// gcc -### -x c -c -
/home/wim/Unison/Code/compute-maestro/runtime/docker /// gcc -### -x c -c -
/home/wim/Unison/Code/compute-maestro/cmd/maestrod /// gcc -### -x c -c -
/home/wim/Unison/Code/compute-maestro/runtime/docker /// gcc -### -x c -c -
/home/wim/Unison/Code/compute-maestro/runtime/docker /// gcc -### -x c -c -
/home/wim/Unison/Code/compute-maestro/cmd/maestrod /// gcc -### -x c -c -
/home/wim/Unison/Code/compute-maestro/runtime/docker /// gcc -### -x c -c -
/home/wim/Unison/Code/compute-maestro/cmd/maestrod /// gcc -### -x c -c -
/home/wim/Unison/Code/compute-maestro /// gcc -### -x c -c -
/home/wim/Unison/Code/compute-maestro /// gcc -### -x c -c -
/home/wim/Unison/Code/compute-maestro/runtime/docker /// gcc -### -x c -c -
/home/wim/Unison/Code/compute-maestro /// gcc -### -x c -c -
/home/wim/Unison/Code/compute-maestro/runtime/docker /// gcc -### -x c -c -
/home/wim/Unison/Code/compute-maestro/runtime/docker /// gcc -### -x c -c -
/home/wim/Unison/Code/compute-maestro /// gcc -### -x c -c -
/home/wim/Unison/Code/compute-maestro /// gcc -### -x c -c -
/home/wim/Unison/Code/compute-maestro /// gcc -### -x c -c -
/home/wim/Unison/Code/compute-maestro/runtime/docker /// gcc -### -x c -c -
/home/wim/Unison/Code/compute-maestro /// gcc -### -x c -c -
/home/wim/Unison/Code/compute-maestro /// gcc -### -x c -c -
/home/wim/Unison/Code/compute-maestro /// gcc -### -x c -c -
/home/wim/Unison/Code/compute-maestro/runtime/docker /// gcc -### -x c -c -
/home/wim/Unison/Code/compute-maestro /// gcc -### -x c -c -
/home/wim/Unison/Code/compute-maestro /// gcc -### -x c -c -
/home/wim/Unison/Code/compute-maestro /// gcc -### -x c -c -
/home/wim/Unison/Code/compute-maestro/runtime/docker /// gcc -### -x c -c -
/home/wim/Unison/Code/compute-maestro /// gcc -### -x c -c -
/home/wim/Unison/Code/compute-maestro /// gcc -### -x c -c -
/home/wim/Unison/Code/compute-maestro /// gcc -### -x c -c -
/home/wim/Unison/Code/compute-maestro /// gcc -### -x c -c -
/home/wim/Unison/Code/compute-maestro/runtime/docker /// gcc -### -x c -c -
/home/wim/Unison/Code/compute-maestro /// gcc -### -x c -c -
/home/wim/Unison/Code/compute-maestro/runtime/docker /// gcc -### -x c -c -
/home/wim/Unison/Code/compute-maestro/runtime/docker /// gcc -### -x c -c -
/home/wim/Unison/Code/compute-maestro/runtime/docker /// gcc -### -x c -c -
/home/wim/Unison/Code/compute-maestro/runtime/docker /// gcc -### -x c -c -
/home/wim/Unison/Code/compute-maestro/runtime/docker /// gcc -### -x c -c -
/home/wim/Unison/Code/compute-maestro/runtime/docker /// gcc -### -x c -c -
/home/wim/Unison/Code/compute-maestro /// gcc -### -x c -c -
/home/wim/Unison/Code/compute-maestro /// gcc -### -x c -c -
/home/wim/Unison/Code/compute-maestro /// gcc -### -x c -c -
/home/wim/Unison/Code/compute-maestro/runtime/docker /// gcc -### -x c -c -
/home/wim/Unison/Code/compute-maestro/runtime/docker /// gcc -### -x c -c -
/home/wim/Unison/Code/compute-maestro/runtime/docker /// gcc -### -x c -c -
/home/wim/Unison/Code/compute-maestro/runtime/docker /// gcc -### -x c -c -
/home/wim/Unison/Code/compute-maestro/runtime/docker /// gcc -### -x c -c -
/home/wim/Unison/Code/compute-maestro/runtime/docker /// gcc -### -x c -c -
/home/wim/Unison/Code/compute-maestro/cmd/maestrod /// gcc -### -x c -c -
/home/wim/Unison/Code/compute-maestro/cmd/maestrod /// gcc -### -x c -c -
/home/wim/Unison/Code/compute-maestro/cmd/maestrod /// gcc -### -x c -c -
/home/wim/Unison/Code/compute-maestro /// gcc -### -x c -c -
/home/wim/Unison/Code/compute-maestro/cmd/maestrod /// gcc -### -x c -c -
/home/wim/Unison/Code/compute-maestro/runtime/docker /// gcc -### -x c -c -
/home/wim/Unison/Code/compute-maestro/runtime/docker /// gcc -### -x c -c -
/home/wim/Unison/Code/compute-maestro /// gcc -### -x c -c -
/home/wim/Unison/Code/compute-maestro /// gcc -### -x c -c -
/home/wim/Unison/Code/compute-maestro/cmd/maestrod /// gcc -### -x c -c -
/home/wim/Unison/Code/compute-maestro/runtime/docker /// gcc -### -x c -c -
/home/wim/Unison/Code/compute-maestro/runtime/docker /// gcc -### -x c -c -
/home/wim/Unison/Code/compute-maestro/cmd/maestrod /// gcc -### -x c -c -
/home/wim/Unison/Code/compute-maestro/runtime/docker /// gcc -### -x c -c -
/home/wim/Unison/Code/compute-maestro/cmd/maestrod /// gcc -### -x c -c -
/home/wim/Unison/Code/compute-maestro/runtime /// gcc -### -x c -c -
/home/wim/Unison/Code/compute-maestro/runtime /// gcc -### -x c -c -
/home/wim/Unison/Code/compute-maestro /// gcc -### -x c -c -
/home/wim/Unison/Code/compute-maestro /// gcc -### -x c -c -
/home/wim/Unison/Code/compute-maestro/runtime /// gcc -### -x c -c -
/home/wim/Unison/Code/compute-maestro/runtime /// gcc -### -x c -c -
/home/wim/Unison/Code/compute-maestro /// gcc -### -x c -c -
/home/wim/Unison/Code/compute-maestro /// gcc -### -x c -c -
/home/wim/Unison/Code/compute-maestro/runtime/docker /// gcc -### -x c -c -
/home/wim/Unison/Code/compute-maestro /// gcc -### -x c -c -
/home/wim/Unison/Code/compute-maestro/runtime /// gcc -### -x c -c -
/home/wim/Unison/Code/compute-maestro /// gcc -### -x c -c -
/home/wim/Unison/Code/compute-maestro /// gcc -### -x c -c -
/home/wim/Unison/Code/compute-maestro /// gcc -### -x c -c -
/home/wim/Unison/Code/compute-maestro /// gcc -### -x c -c -
/home/wim/Unison/Code/compute-maestro /// gcc -### -x c -c -
/home/wim/Unison/Code/compute-maestro /// gcc -### -x c -c -
/home/wim/Unison/Code/compute-maestro /// gcc -### -x c -c -
/home/wim/Unison/Code/compute-maestro /// gcc -### -x c -c -
/home/wim/Unison/Code/compute-maestro/runtime/docker /// gcc -### -x c -c -
/home/wim/Unison/Code/compute-maestro /// gcc -### -x c -c -
/home/wim/Unison/Code/compute-maestro/runtime/docker /// gcc -### -x c -c -
/home/wim/Unison/Code/compute-maestro /// gcc -### -x c -c -
/home/wim/Unison/Code/compute-maestro /// gcc -### -x c -c -
/home/wim/Unison/Code/compute-maestro /// gcc -### -x c -c -
/home/wim/Unison/Code/compute-maestro/runtime/docker /// gcc -### -x c -c -
/home/wim/Unison/Code/compute-maestro /// gcc -### -x c -c -
/home/wim/Unison/Code/compute-maestro /// gcc -### -x c -c -
/home/wim/Unison/Code/compute-maestro /// gcc -### -x c -c -
/home/wim/Unison/Code/compute-maestro/runtime /// gcc -### -x c -c -
/home/wim/Unison/Code/compute-maestro/runtime /// gcc -### -x c -c -
/home/wim/Unison/Code/compute-maestro/runtime /// gcc -### -x c -c -
/home/wim/Unison/Code/compute-maestro/runtime /// gcc -### -x c -c -
/home/wim/Unison/Code/compute-maestro /// gcc -### -x c -c -
/home/wim/Unison/Code/compute-maestro /// gcc -### -x c -c -
/home/wim/Unison/Code/compute-maestro/runtime /// gcc -### -x c -c -
/home/wim/Unison/Code/compute-maestro/runtime /// gcc -### -x c -c -
/home/wim/Unison/Code/compute-maestro /// gcc -### -x c -c -
/home/wim/Unison/Code/compute-maestro /// gcc -### -x c -c -
/home/wim/Unison/Code/compute-maestro/runtime/docker /// gcc -### -x c -c -
/home/wim/Unison/Code/compute-maestro/runtime/docker /// gcc -### -x c -c -
/home/wim/Unison/Code/compute-maestro /// gcc -### -x c -c -
/home/wim/Unison/Code/compute-maestro/runtime /// gcc -### -x c -c -
/home/wim/Unison/Code/compute-maestro/runtime /// gcc -### -x c -c -
/home/wim/Unison/Code/compute-maestro/runtime /// gcc -### -x c -c -
/home/wim/Unison/Code/compute-maestro/runtime /// gcc -### -x c -c -
/home/wim/Unison/Code/compute-maestro/runtime/docker /// gcc -### -x c -c -
/home/wim/Unison/Code/compute-maestro /// gcc -### -x c -c -
/home/wim/Unison/Code/compute-maestro /// gcc -### -x c -c -
/home/wim/Unison/Code/compute-maestro /// gcc -### -x c -c -
/home/wim/Unison/Code/golang/compute-maestro /// gcc -### -x c -c -
/home/wim/Unison/Code/golang/compute-maestro /// gcc -I /usr/lib/golang/src/runtime/cgo -fPIC -m64 -pthread -Wl,--no-gc-sections -fmessage-length=0 -ffile-prefix-map=/tmp/go-build1881042342/b083=/tmp/go-build -gno-record-gcc-switches -o /tmp/go-build1881042342/b083/_cgo_.o /tmp/go-build1881042342/b083/_cgo_main.o /tmp/go-build1881042342/b083/_x001.o /tmp/go-build1881042342/b083/_x002.o /tmp/go-build1881042342/b083/_x003.o /tmp/go-build1881042342/b083/_x004.o /tmp/go-build1881042342/b083/_x005.o /tmp/go-build1881042342/b083/_x006.o /tmp/go-build1881042342/b083/_x007.o /tmp/go-build1881042342/b083/_x008.o /tmp/go-build1881042342/b083/_x009.o /tmp/go-build1881042342/b083/_x010.o /tmp/go-build1881042342/b083/_x011.o /tmp/go-build1881042342/b083/_x012.o /tmp/go-build1881042342/b083/_x013.o /tmp/go-build1881042342/b083/_x014.o -O2 -g -lpthread
/home/wim/Unison/Code/golang/compute-maestro /// gcc -I /usr/lib/golang/src/net -fPIC -m64 -pthread -Wl,--no-gc-sections -fmessage-length=0 -ffile-prefix-map=/tmp/go-build1881042342/b084=/tmp/go-build -gno-record-gcc-switches -o /tmp/go-build1881042342/b084/_cgo_.o /tmp/go-build1881042342/b084/_cgo_main.o /tmp/go-build1881042342/b084/_x001.o /tmp/go-build1881042342/b084/_x002.o /tmp/go-build1881042342/b084/_x003.o /tmp/go-build1881042342/b084/_x004.o /tmp/go-build1881042342/b084/_x005.o /tmp/go-build1881042342/b084/_x006.o -O2 -g -lresolv
/home/wim/Unison/Code/golang/compute-maestro /// gcc -### -x c -c -
/home/wim/Unison/Code/golang/compute-maestro /// gcc -I /usr/lib/golang/src/runtime/cgo -fPIC -m64 -pthread -Wl,--no-gc-sections -fmessage-length=0 -ffile-prefix-map=/tmp/go-build1469085111/b170=/tmp/go-build -gno-record-gcc-switches -o /tmp/go-build1469085111/b170/_cgo_.o /tmp/go-build1469085111/b170/_cgo_main.o /tmp/go-build1469085111/b170/_x001.o /tmp/go-build1469085111/b170/_x002.o /tmp/go-build1469085111/b170/_x003.o /tmp/go-build1469085111/b170/_x004.o /tmp/go-build1469085111/b170/_x005.o /tmp/go-build1469085111/b170/_x006.o /tmp/go-build1469085111/b170/_x007.o /tmp/go-build1469085111/b170/_x008.o /tmp/go-build1469085111/b170/_x009.o /tmp/go-build1469085111/b170/_x010.o /tmp/go-build1469085111/b170/_x011.o /tmp/go-build1469085111/b170/_x012.o /tmp/go-build1469085111/b170/_x013.o /tmp/go-build1469085111/b170/_x014.o -O2 -g -lpthread
/home/wim/Unison/Code/golang/compute-maestro /// gcc -I /usr/lib/golang/src/net -fPIC -m64 -pthread -Wl,--no-gc-sections -fmessage-length=0 -ffile-prefix-map=/tmp/go-build1469085111/b163=/tmp/go-build -gno-record-gcc-switches -o /tmp/go-build1469085111/b163/_cgo_.o /tmp/go-build1469085111/b163/_cgo_main.o /tmp/go-build1469085111/b163/_x001.o /tmp/go-build1469085111/b163/_x002.o /tmp/go-build1469085111/b163/_x003.o /tmp/go-build1469085111/b163/_x004.o /tmp/go-build1469085111/b163/_x005.o /tmp/go-build1469085111/b163/_x006.o -O2 -g -lresolv
/home/wim/Unison/Code/golang/compute-maestro /// gcc -I /usr/lib/golang/src/os/user -fPIC -m64 -pthread -Wl,--no-gc-sections -fmessage-length=0 -ffile-prefix-map=/tmp/go-build1469085111/b637=/tmp/go-build -gno-record-gcc-switches -o /tmp/go-build1469085111/b637/_cgo_.o /tmp/go-build1469085111/b637/_cgo_main.o /tmp/go-build1469085111/b637/_x001.o /tmp/go-build1469085111/b637/_x002.o /tmp/go-build1469085111/b637/_x003.o -O2 -g
/home/wim/Unison/Code/golang/compute-maestro /// gcc -### -x c -c -
/home/wim/Unison/Code/golang/compute-maestro /// gcc -### -x c -c -
/home/wim/Unison/Code/golang/compute-maestro /// gcc -### -x c -c -
/home/wim/Unison/Code/golang/compute-maestro /// gcc -### -x c -c -
/home/wim/Unison/Code/golang/compute-maestro /// gcc -### -x c -c -
/home/wim/Unison/Code/golang/compute-maestro /// gcc -### -x c -c -
/home/wim/Unison/Code/golang/compute-maestro /// gcc -### -x c -c -
/home/wim/Unison/Code/golang/compute-maestro /// gcc -### -x c -c -
/home/wim/Unison/Code/golang/compute-maestro /// gcc -### -x c -c -
/home/wim/Unison/Code/golang/compute-maestro /// gcc -### -x c -c -
/home/wim/Unison/Code/golang/compute-maestro /// gcc -### -x c -c -
/home/wim/Unison/Code/golang/compute-maestro /// gcc -### -x c -c -
/home/wim/Unison/Code/golang/compute-maestro /// gcc -### -x c -c -
/home/wim/Unison/Code/golang/compute-maestro /// gcc -### -x c -c -
/home/wim/Unison/Code/golang/compute-maestro/systemmonitor/nvidia /// gcc -### -x c -c -
/home/wim/Unison/Code/golang/compute-maestro/systemmonitor/nvidia /// gcc -### -x c -c -
/home/wim/Unison/Code/golang/compute-maestro/systemmonitor/nvidia /// gcc -### -x c -c -
/home/wim/Unison/Code/golang/compute-maestro/systemmonitor/nvidia /// gcc -### -x c -c -
/home/wim/Unison/Code/golang/compute-maestro/systemmonitor/nvidia /// gcc -### -x c -c -
/home/wim/Unison/Code/golang/compute-maestro /// gcc -### -x c -c -
/home/wim/Unison/Code/golang/compute-maestro /// gcc -### -x c -c -
/home/wim/Unison/Code/golang/compute-maestro /// gcc -### -x c -c -
/home/wim/Unison/Code/golang/compute-maestro/systemmonitor/nvidia /// gcc -### -x c -c -
/home/wim/Unison/Code/golang/compute-maestro/systemmonitor/nvidia /// gcc -### -x c -c -
/home/wim/Unison/Code/golang/compute-maestro/systemmonitor/nvidia /// gcc -### -x c -c -
/home/wim/Unison/Code/golang/compute-maestro/systemmonitor/nvidia /// gcc -### -x c -c -
/home/wim/Unison/Code/golang/compute-maestro/systemmonitor/nvidia /// gcc -### -x c -c -
/home/wim/Unison/Code/golang/compute-maestro/systemmonitor/nvidia /// gcc -### -x c -c -
/home/wim/Unison/Code/golang/compute-maestro/systemmonitor/nvidia /// gcc -### -x c -c -
/home/wim/Unison/Code/golang/compute-maestro/systemmonitor/nvidia /// gcc -### -x c -c -
/home/wim/Unison/Code/golang/compute-maestro/systemmonitor/nvidia /// gcc -### -x c -c -
/home/wim/Unison/Code/golang/compute-maestro/systemmonitor/nvidia /// gcc -### -x c -c -
/home/wim/Unison/Code/golang/compute-maestro /// gcc -### -x c -c -
/home/wim/Unison/Code/golang/compute-maestro /// gcc -### -x c -c -
/home/wim/Unison/Code/golang/compute-maestro /// gcc -### -x c -c -
